  [1m[35m (5.3ms)[0m  [1m[34mSELECT sqlite_version(*)[0m
  [1m[35m (2.5ms)[0m  [1m[35mCREATE TABLE "schema_migrations" ("version" varchar NOT NULL PRIMARY KEY)[0m
  [1m[35m (2.3ms)[0m  [1m[35mCREATE TABLE "ar_internal_metadata" ("key" varchar NOT NULL PRIMARY KEY, "value" varchar, "created_at" datetime(6) NOT NULL, "updated_at" datetime(6) NOT NULL)[0m
  [1m[35m (0.2ms)[0m  [1m[34mSELECT "schema_migrations"."version" FROM "schema_migrations" ORDER BY "schema_migrations"."version" ASC[0m
Migrating to CreateTeachers (20191125215018)
  [1m[35m (0.1ms)[0m  [1m[36mbegin transaction[0m
  [1m[35m (0.6ms)[0m  [1m[35mCREATE TABLE "teachers" ("id" integer PRIMARY KEY AUTOINCREMENT NOT NULL, "name" varchar, "created_at" datetime(6) NOT NULL, "updated_at" datetime(6) NOT NULL)[0m
  [1m[36mprimary::SchemaMigration Create (0.2ms)[0m  [1m[32mINSERT INTO "schema_migrations" ("version") VALUES (?)[0m  [["version", "20191125215018"]]
  [1m[35m (1.9ms)[0m  [1m[36mcommit transaction[0m
Migrating to CreateStudents (20191125215124)
Started GET "/posts" for ::1 at 2019-11-25 16:52:50 -0500
  [1m[35m (2.1ms)[0m  [1m[34mSELECT sqlite_version(*)[0m
  [1m[35m (0.2ms)[0m  [1m[34mSELECT "schema_migrations"."version" FROM "schema_migrations" ORDER BY "schema_migrations"."version" ASC[0m
  
ActiveRecord::PendingMigrationError (

Migrations are pending. To resolve this issue, run:

        rails db:migrate RAILS_ENV=development

):
  
activerecord (6.0.1) lib/active_record/migration.rb:587:in `check_pending!'
activerecord (6.0.1) lib/active_record/migration.rb:564:in `call'
actionpack (6.0.1) lib/action_dispatch/middleware/callbacks.rb:27:in `block in call'
activesupport (6.0.1) lib/active_support/callbacks.rb:101:in `run_callbacks'
actionpack (6.0.1) lib/action_dispatch/middleware/callbacks.rb:26:in `call'
actionpack (6.0.1) lib/action_dispatch/middleware/executor.rb:14:in `call'
actionpack (6.0.1) lib/action_dispatch/middleware/actionable_exceptions.rb:17:in `call'
actionpack (6.0.1) lib/action_dispatch/middleware/debug_exceptions.rb:32:in `call'
web-console (4.0.1) lib/web_console/middleware.rb:132:in `call_app'
web-console (4.0.1) lib/web_console/middleware.rb:28:in `block in call'
web-console (4.0.1) lib/web_console/middleware.rb:17:in `catch'
web-console (4.0.1) lib/web_console/middleware.rb:17:in `call'
actionpack (6.0.1) lib/action_dispatch/middleware/show_exceptions.rb:33:in `call'
railties (6.0.1) lib/rails/rack/logger.rb:38:in `call_app'
railties (6.0.1) lib/rails/rack/logger.rb:26:in `block in call'
activesupport (6.0.1) lib/active_support/tagged_logging.rb:80:in `block in tagged'
activesupport (6.0.1) lib/active_support/tagged_logging.rb:28:in `tagged'
activesupport (6.0.1) lib/active_support/tagged_logging.rb:80:in `tagged'
railties (6.0.1) lib/rails/rack/logger.rb:26:in `call'
sprockets-rails (3.2.1) lib/sprockets/rails/quiet_assets.rb:13:in `call'
actionpack (6.0.1) lib/action_dispatch/middleware/remote_ip.rb:81:in `call'
actionpack (6.0.1) lib/action_dispatch/middleware/request_id.rb:27:in `call'
rack (2.0.7) lib/rack/method_override.rb:22:in `call'
rack (2.0.7) lib/rack/runtime.rb:22:in `call'
activesupport (6.0.1) lib/active_support/cache/strategy/local_cache_middleware.rb:29:in `call'
actionpack (6.0.1) lib/action_dispatch/middleware/executor.rb:14:in `call'
actionpack (6.0.1) lib/action_dispatch/middleware/static.rb:126:in `call'
rack (2.0.7) lib/rack/sendfile.rb:111:in `call'
actionpack (6.0.1) lib/action_dispatch/middleware/host_authorization.rb:83:in `call'
webpacker (4.2.0) lib/webpacker/dev_server_proxy.rb:23:in `perform_request'
rack-proxy (0.6.5) lib/rack/proxy.rb:57:in `call'
railties (6.0.1) lib/rails/engine.rb:526:in `call'
puma (4.3.0) lib/puma/configuration.rb:228:in `call'
puma (4.3.0) lib/puma/server.rb:667:in `handle_request'
puma (4.3.0) lib/puma/server.rb:470:in `process_client'
puma (4.3.0) lib/puma/server.rb:328:in `block in run'
puma (4.3.0) lib/puma/thread_pool.rb:134:in `block in spawn_thread'
Started GET "/" for ::1 at 2019-11-25 16:53:01 -0500
  [1m[35m (0.5ms)[0m  [1m[34mSELECT "schema_migrations"."version" FROM "schema_migrations" ORDER BY "schema_migrations"."version" ASC[0m
  
ActiveRecord::PendingMigrationError (

Migrations are pending. To resolve this issue, run:

        rails db:migrate RAILS_ENV=development

):
  
activerecord (6.0.1) lib/active_record/migration.rb:587:in `check_pending!'
activerecord (6.0.1) lib/active_record/migration.rb:564:in `call'
actionpack (6.0.1) lib/action_dispatch/middleware/callbacks.rb:27:in `block in call'
activesupport (6.0.1) lib/active_support/callbacks.rb:101:in `run_callbacks'
actionpack (6.0.1) lib/action_dispatch/middleware/callbacks.rb:26:in `call'
actionpack (6.0.1) lib/action_dispatch/middleware/executor.rb:14:in `call'
actionpack (6.0.1) lib/action_dispatch/middleware/actionable_exceptions.rb:17:in `call'
actionpack (6.0.1) lib/action_dispatch/middleware/debug_exceptions.rb:32:in `call'
web-console (4.0.1) lib/web_console/middleware.rb:132:in `call_app'
web-console (4.0.1) lib/web_console/middleware.rb:28:in `block in call'
web-console (4.0.1) lib/web_console/middleware.rb:17:in `catch'
web-console (4.0.1) lib/web_console/middleware.rb:17:in `call'
actionpack (6.0.1) lib/action_dispatch/middleware/show_exceptions.rb:33:in `call'
railties (6.0.1) lib/rails/rack/logger.rb:38:in `call_app'
railties (6.0.1) lib/rails/rack/logger.rb:26:in `block in call'
activesupport (6.0.1) lib/active_support/tagged_logging.rb:80:in `block in tagged'
activesupport (6.0.1) lib/active_support/tagged_logging.rb:28:in `tagged'
activesupport (6.0.1) lib/active_support/tagged_logging.rb:80:in `tagged'
railties (6.0.1) lib/rails/rack/logger.rb:26:in `call'
sprockets-rails (3.2.1) lib/sprockets/rails/quiet_assets.rb:13:in `call'
actionpack (6.0.1) lib/action_dispatch/middleware/remote_ip.rb:81:in `call'
actionpack (6.0.1) lib/action_dispatch/middleware/request_id.rb:27:in `call'
rack (2.0.7) lib/rack/method_override.rb:22:in `call'
rack (2.0.7) lib/rack/runtime.rb:22:in `call'
activesupport (6.0.1) lib/active_support/cache/strategy/local_cache_middleware.rb:29:in `call'
actionpack (6.0.1) lib/action_dispatch/middleware/executor.rb:14:in `call'
actionpack (6.0.1) lib/action_dispatch/middleware/static.rb:126:in `call'
rack (2.0.7) lib/rack/sendfile.rb:111:in `call'
actionpack (6.0.1) lib/action_dispatch/middleware/host_authorization.rb:83:in `call'
webpacker (4.2.0) lib/webpacker/dev_server_proxy.rb:23:in `perform_request'
rack-proxy (0.6.5) lib/rack/proxy.rb:57:in `call'
railties (6.0.1) lib/rails/engine.rb:526:in `call'
puma (4.3.0) lib/puma/configuration.rb:228:in `call'
puma (4.3.0) lib/puma/server.rb:667:in `handle_request'
puma (4.3.0) lib/puma/server.rb:470:in `process_client'
puma (4.3.0) lib/puma/server.rb:328:in `block in run'
puma (4.3.0) lib/puma/thread_pool.rb:134:in `block in spawn_thread'
Started GET "/" for ::1 at 2019-11-25 16:54:04 -0500
  [1m[35m (0.2ms)[0m  [1m[34mSELECT "schema_migrations"."version" FROM "schema_migrations" ORDER BY "schema_migrations"."version" ASC[0m
  
ActiveRecord::PendingMigrationError (

Migrations are pending. To resolve this issue, run:

        rails db:migrate RAILS_ENV=development

):
  
activerecord (6.0.1) lib/active_record/migration.rb:587:in `check_pending!'
activerecord (6.0.1) lib/active_record/migration.rb:564:in `call'
actionpack (6.0.1) lib/action_dispatch/middleware/callbacks.rb:27:in `block in call'
activesupport (6.0.1) lib/active_support/callbacks.rb:101:in `run_callbacks'
actionpack (6.0.1) lib/action_dispatch/middleware/callbacks.rb:26:in `call'
actionpack (6.0.1) lib/action_dispatch/middleware/executor.rb:14:in `call'
actionpack (6.0.1) lib/action_dispatch/middleware/actionable_exceptions.rb:17:in `call'
actionpack (6.0.1) lib/action_dispatch/middleware/debug_exceptions.rb:32:in `call'
web-console (4.0.1) lib/web_console/middleware.rb:132:in `call_app'
web-console (4.0.1) lib/web_console/middleware.rb:28:in `block in call'
web-console (4.0.1) lib/web_console/middleware.rb:17:in `catch'
web-console (4.0.1) lib/web_console/middleware.rb:17:in `call'
actionpack (6.0.1) lib/action_dispatch/middleware/show_exceptions.rb:33:in `call'
railties (6.0.1) lib/rails/rack/logger.rb:38:in `call_app'
railties (6.0.1) lib/rails/rack/logger.rb:26:in `block in call'
activesupport (6.0.1) lib/active_support/tagged_logging.rb:80:in `block in tagged'
activesupport (6.0.1) lib/active_support/tagged_logging.rb:28:in `tagged'
activesupport (6.0.1) lib/active_support/tagged_logging.rb:80:in `tagged'
railties (6.0.1) lib/rails/rack/logger.rb:26:in `call'
sprockets-rails (3.2.1) lib/sprockets/rails/quiet_assets.rb:13:in `call'
actionpack (6.0.1) lib/action_dispatch/middleware/remote_ip.rb:81:in `call'
actionpack (6.0.1) lib/action_dispatch/middleware/request_id.rb:27:in `call'
rack (2.0.7) lib/rack/method_override.rb:22:in `call'
rack (2.0.7) lib/rack/runtime.rb:22:in `call'
activesupport (6.0.1) lib/active_support/cache/strategy/local_cache_middleware.rb:29:in `call'
actionpack (6.0.1) lib/action_dispatch/middleware/executor.rb:14:in `call'
actionpack (6.0.1) lib/action_dispatch/middleware/static.rb:126:in `call'
rack (2.0.7) lib/rack/sendfile.rb:111:in `call'
actionpack (6.0.1) lib/action_dispatch/middleware/host_authorization.rb:83:in `call'
webpacker (4.2.0) lib/webpacker/dev_server_proxy.rb:23:in `perform_request'
rack-proxy (0.6.5) lib/rack/proxy.rb:57:in `call'
railties (6.0.1) lib/rails/engine.rb:526:in `call'
puma (4.3.0) lib/puma/configuration.rb:228:in `call'
puma (4.3.0) lib/puma/server.rb:667:in `handle_request'
puma (4.3.0) lib/puma/server.rb:470:in `process_client'
puma (4.3.0) lib/puma/server.rb:328:in `block in run'
puma (4.3.0) lib/puma/thread_pool.rb:134:in `block in spawn_thread'
Started GET "/" for ::1 at 2019-11-25 16:54:31 -0500
  [1m[35m (0.6ms)[0m  [1m[34mSELECT sqlite_version(*)[0m
  [1m[35m (0.2ms)[0m  [1m[34mSELECT "schema_migrations"."version" FROM "schema_migrations" ORDER BY "schema_migrations"."version" ASC[0m
  
ActiveRecord::PendingMigrationError (

Migrations are pending. To resolve this issue, run:

        rails db:migrate RAILS_ENV=development

):
  
activerecord (6.0.1) lib/active_record/migration.rb:587:in `check_pending!'
activerecord (6.0.1) lib/active_record/migration.rb:564:in `call'
actionpack (6.0.1) lib/action_dispatch/middleware/callbacks.rb:27:in `block in call'
activesupport (6.0.1) lib/active_support/callbacks.rb:101:in `run_callbacks'
actionpack (6.0.1) lib/action_dispatch/middleware/callbacks.rb:26:in `call'
actionpack (6.0.1) lib/action_dispatch/middleware/executor.rb:14:in `call'
actionpack (6.0.1) lib/action_dispatch/middleware/actionable_exceptions.rb:17:in `call'
actionpack (6.0.1) lib/action_dispatch/middleware/debug_exceptions.rb:32:in `call'
web-console (4.0.1) lib/web_console/middleware.rb:132:in `call_app'
web-console (4.0.1) lib/web_console/middleware.rb:28:in `block in call'
web-console (4.0.1) lib/web_console/middleware.rb:17:in `catch'
web-console (4.0.1) lib/web_console/middleware.rb:17:in `call'
actionpack (6.0.1) lib/action_dispatch/middleware/show_exceptions.rb:33:in `call'
railties (6.0.1) lib/rails/rack/logger.rb:38:in `call_app'
railties (6.0.1) lib/rails/rack/logger.rb:26:in `block in call'
activesupport (6.0.1) lib/active_support/tagged_logging.rb:80:in `block in tagged'
activesupport (6.0.1) lib/active_support/tagged_logging.rb:28:in `tagged'
activesupport (6.0.1) lib/active_support/tagged_logging.rb:80:in `tagged'
railties (6.0.1) lib/rails/rack/logger.rb:26:in `call'
sprockets-rails (3.2.1) lib/sprockets/rails/quiet_assets.rb:13:in `call'
actionpack (6.0.1) lib/action_dispatch/middleware/remote_ip.rb:81:in `call'
actionpack (6.0.1) lib/action_dispatch/middleware/request_id.rb:27:in `call'
rack (2.0.7) lib/rack/method_override.rb:22:in `call'
rack (2.0.7) lib/rack/runtime.rb:22:in `call'
activesupport (6.0.1) lib/active_support/cache/strategy/local_cache_middleware.rb:29:in `call'
actionpack (6.0.1) lib/action_dispatch/middleware/executor.rb:14:in `call'
actionpack (6.0.1) lib/action_dispatch/middleware/static.rb:126:in `call'
rack (2.0.7) lib/rack/sendfile.rb:111:in `call'
actionpack (6.0.1) lib/action_dispatch/middleware/host_authorization.rb:83:in `call'
webpacker (4.2.0) lib/webpacker/dev_server_proxy.rb:23:in `perform_request'
rack-proxy (0.6.5) lib/rack/proxy.rb:57:in `call'
railties (6.0.1) lib/rails/engine.rb:526:in `call'
puma (4.3.0) lib/puma/configuration.rb:228:in `call'
puma (4.3.0) lib/puma/server.rb:667:in `handle_request'
puma (4.3.0) lib/puma/server.rb:470:in `process_client'
puma (4.3.0) lib/puma/server.rb:328:in `block in run'
puma (4.3.0) lib/puma/thread_pool.rb:134:in `block in spawn_thread'
  [1m[35m (0.5ms)[0m  [1m[34mSELECT sqlite_version(*)[0m
  [1m[35m (0.2ms)[0m  [1m[34mSELECT "schema_migrations"."version" FROM "schema_migrations" ORDER BY "schema_migrations"."version" ASC[0m
Migrating to CreateStudents (20191125215124)
  [1m[35m (0.6ms)[0m  [1m[34mSELECT sqlite_version(*)[0m
  [1m[35m (0.2ms)[0m  [1m[34mSELECT "schema_migrations"."version" FROM "schema_migrations" ORDER BY "schema_migrations"."version" ASC[0m
Migrating to CreateStudents (20191125215124)
  [1m[35m (0.5ms)[0m  [1m[34mSELECT sqlite_version(*)[0m
  [1m[35m (0.2ms)[0m  [1m[34mSELECT "schema_migrations"."version" FROM "schema_migrations" ORDER BY "schema_migrations"."version" ASC[0m
Migrating to CreateStudents (20191125220454)
  [1m[35m (0.1ms)[0m  [1m[36mbegin transaction[0m
  [1m[35m (0.6ms)[0m  [1m[35mCREATE TABLE "students" ("id" integer PRIMARY KEY AUTOINCREMENT NOT NULL, "name" varchar, "age" integer, "teacher_id" integer NOT NULL, "created_at" datetime(6) NOT NULL, "updated_at" datetime(6) NOT NULL, CONSTRAINT "fk_rails_2866dd1cd9"
FOREIGN KEY ("teacher_id")
  REFERENCES "teachers" ("id")
)[0m
  [1m[35m (0.1ms)[0m  [1m[35mCREATE  INDEX "index_students_on_teacher_id" ON "students" ("teacher_id")[0m
  [1m[36mprimary::SchemaMigration Create (0.2ms)[0m  [1m[32mINSERT INTO "schema_migrations" ("version") VALUES (?)[0m  [["version", "20191125220454"]]
  [1m[35m (2.2ms)[0m  [1m[36mcommit transaction[0m
  [1m[36mActiveRecord::InternalMetadata Load (0.6ms)[0m  [1m[34mSELECT "ar_internal_metadata".* FROM "ar_internal_metadata" WHERE "ar_internal_metadata"."key" = ? LIMIT ?[0m  [["key", "environment"], ["LIMIT", 1]]
  [1m[35m (0.1ms)[0m  [1m[36mbegin transaction[0m
  [1m[36mActiveRecord::InternalMetadata Create (1.6ms)[0m  [1m[32mINSERT INTO "ar_internal_metadata" ("key", "value", "created_at", "updated_at") VALUES (?, ?, ?, ?)[0m  [["key", "environment"], ["value", "development"], ["created_at", "2019-11-25 22:05:50.498844"], ["updated_at", "2019-11-25 22:05:50.498844"]]
  [1m[35m (1.6ms)[0m  [1m[36mcommit transaction[0m
  [1m[35m (0.1ms)[0m  [1m[34mSELECT sqlite_version(*)[0m
  [1m[35m (0.2ms)[0m  [1m[34mSELECT "schema_migrations"."version" FROM "schema_migrations" ORDER BY "schema_migrations"."version" ASC[0m
Started GET "/" for ::1 at 2019-11-25 17:09:26 -0500
  [1m[35m (0.5ms)[0m  [1m[34mSELECT sqlite_version(*)[0m
  [1m[35m (0.2ms)[0m  [1m[34mSELECT "schema_migrations"."version" FROM "schema_migrations" ORDER BY "schema_migrations"."version" ASC[0m
Processing by Rails::WelcomeController#index as HTML
  Rendering /Users/flatironschoolbrooklyn/.rvm/gems/ruby-2.6.1/gems/railties-6.0.1/lib/rails/templates/rails/welcome/index.html.erb
  Rendered /Users/flatironschoolbrooklyn/.rvm/gems/ruby-2.6.1/gems/railties-6.0.1/lib/rails/templates/rails/welcome/index.html.erb (Duration: 8.8ms | Allocations: 316)
Completed 200 OK in 18ms (Views: 10.8ms | ActiveRecord: 0.0ms | Allocations: 1710)


Started GET "/students" for ::1 at 2019-11-25 17:09:32 -0500
  
AbstractController::ActionNotFound (The action 'index' could not be found for StudentsController):
  
actionpack (6.0.1) lib/abstract_controller/base.rb:131:in `process'
actionview (6.0.1) lib/action_view/rendering.rb:39:in `process'
actionpack (6.0.1) lib/action_controller/metal.rb:191:in `dispatch'
actionpack (6.0.1) lib/action_controller/metal.rb:252:in `dispatch'
actionpack (6.0.1) lib/action_dispatch/routing/route_set.rb:51:in `dispatch'
actionpack (6.0.1) lib/action_dispatch/routing/route_set.rb:33:in `serve'
actionpack (6.0.1) lib/action_dispatch/journey/router.rb:49:in `block in serve'
actionpack (6.0.1) lib/action_dispatch/journey/router.rb:32:in `each'
actionpack (6.0.1) lib/action_dispatch/journey/router.rb:32:in `serve'
actionpack (6.0.1) lib/action_dispatch/routing/route_set.rb:837:in `call'
rack (2.0.7) lib/rack/tempfile_reaper.rb:15:in `call'
rack (2.0.7) lib/rack/etag.rb:25:in `call'
rack (2.0.7) lib/rack/conditional_get.rb:25:in `call'
rack (2.0.7) lib/rack/head.rb:12:in `call'
actionpack (6.0.1) lib/action_dispatch/http/content_security_policy.rb:18:in `call'
rack (2.0.7) lib/rack/session/abstract/id.rb:232:in `context'
rack (2.0.7) lib/rack/session/abstract/id.rb:226:in `call'
actionpack (6.0.1) lib/action_dispatch/middleware/cookies.rb:648:in `call'
activerecord (6.0.1) lib/active_record/migration.rb:567:in `call'
actionpack (6.0.1) lib/action_dispatch/middleware/callbacks.rb:27:in `block in call'
activesupport (6.0.1) lib/active_support/callbacks.rb:101:in `run_callbacks'
actionpack (6.0.1) lib/action_dispatch/middleware/callbacks.rb:26:in `call'
actionpack (6.0.1) lib/action_dispatch/middleware/executor.rb:14:in `call'
actionpack (6.0.1) lib/action_dispatch/middleware/actionable_exceptions.rb:17:in `call'
actionpack (6.0.1) lib/action_dispatch/middleware/debug_exceptions.rb:32:in `call'
web-console (4.0.1) lib/web_console/middleware.rb:132:in `call_app'
web-console (4.0.1) lib/web_console/middleware.rb:28:in `block in call'
web-console (4.0.1) lib/web_console/middleware.rb:17:in `catch'
web-console (4.0.1) lib/web_console/middleware.rb:17:in `call'
actionpack (6.0.1) lib/action_dispatch/middleware/show_exceptions.rb:33:in `call'
railties (6.0.1) lib/rails/rack/logger.rb:38:in `call_app'
railties (6.0.1) lib/rails/rack/logger.rb:26:in `block in call'
activesupport (6.0.1) lib/active_support/tagged_logging.rb:80:in `block in tagged'
activesupport (6.0.1) lib/active_support/tagged_logging.rb:28:in `tagged'
activesupport (6.0.1) lib/active_support/tagged_logging.rb:80:in `tagged'
railties (6.0.1) lib/rails/rack/logger.rb:26:in `call'
sprockets-rails (3.2.1) lib/sprockets/rails/quiet_assets.rb:13:in `call'
actionpack (6.0.1) lib/action_dispatch/middleware/remote_ip.rb:81:in `call'
actionpack (6.0.1) lib/action_dispatch/middleware/request_id.rb:27:in `call'
rack (2.0.7) lib/rack/method_override.rb:22:in `call'
rack (2.0.7) lib/rack/runtime.rb:22:in `call'
activesupport (6.0.1) lib/active_support/cache/strategy/local_cache_middleware.rb:29:in `call'
actionpack (6.0.1) lib/action_dispatch/middleware/executor.rb:14:in `call'
actionpack (6.0.1) lib/action_dispatch/middleware/static.rb:126:in `call'
rack (2.0.7) lib/rack/sendfile.rb:111:in `call'
actionpack (6.0.1) lib/action_dispatch/middleware/host_authorization.rb:83:in `call'
webpacker (4.2.0) lib/webpacker/dev_server_proxy.rb:23:in `perform_request'
rack-proxy (0.6.5) lib/rack/proxy.rb:57:in `call'
railties (6.0.1) lib/rails/engine.rb:526:in `call'
puma (4.3.0) lib/puma/configuration.rb:228:in `call'
puma (4.3.0) lib/puma/server.rb:667:in `handle_request'
puma (4.3.0) lib/puma/server.rb:470:in `process_client'
puma (4.3.0) lib/puma/server.rb:328:in `block in run'
puma (4.3.0) lib/puma/thread_pool.rb:134:in `block in spawn_thread'
Started GET "/students" for ::1 at 2019-11-25 17:10:49 -0500
  
AbstractController::ActionNotFound (The action 'index' could not be found for StudentsController):
  
actionpack (6.0.1) lib/abstract_controller/base.rb:131:in `process'
actionview (6.0.1) lib/action_view/rendering.rb:39:in `process'
actionpack (6.0.1) lib/action_controller/metal.rb:191:in `dispatch'
actionpack (6.0.1) lib/action_controller/metal.rb:252:in `dispatch'
actionpack (6.0.1) lib/action_dispatch/routing/route_set.rb:51:in `dispatch'
actionpack (6.0.1) lib/action_dispatch/routing/route_set.rb:33:in `serve'
actionpack (6.0.1) lib/action_dispatch/journey/router.rb:49:in `block in serve'
actionpack (6.0.1) lib/action_dispatch/journey/router.rb:32:in `each'
actionpack (6.0.1) lib/action_dispatch/journey/router.rb:32:in `serve'
actionpack (6.0.1) lib/action_dispatch/routing/route_set.rb:837:in `call'
rack (2.0.7) lib/rack/tempfile_reaper.rb:15:in `call'
rack (2.0.7) lib/rack/etag.rb:25:in `call'
rack (2.0.7) lib/rack/conditional_get.rb:25:in `call'
rack (2.0.7) lib/rack/head.rb:12:in `call'
actionpack (6.0.1) lib/action_dispatch/http/content_security_policy.rb:18:in `call'
rack (2.0.7) lib/rack/session/abstract/id.rb:232:in `context'
rack (2.0.7) lib/rack/session/abstract/id.rb:226:in `call'
actionpack (6.0.1) lib/action_dispatch/middleware/cookies.rb:648:in `call'
activerecord (6.0.1) lib/active_record/migration.rb:567:in `call'
actionpack (6.0.1) lib/action_dispatch/middleware/callbacks.rb:27:in `block in call'
activesupport (6.0.1) lib/active_support/callbacks.rb:101:in `run_callbacks'
actionpack (6.0.1) lib/action_dispatch/middleware/callbacks.rb:26:in `call'
actionpack (6.0.1) lib/action_dispatch/middleware/executor.rb:14:in `call'
actionpack (6.0.1) lib/action_dispatch/middleware/actionable_exceptions.rb:17:in `call'
actionpack (6.0.1) lib/action_dispatch/middleware/debug_exceptions.rb:32:in `call'
web-console (4.0.1) lib/web_console/middleware.rb:132:in `call_app'
web-console (4.0.1) lib/web_console/middleware.rb:28:in `block in call'
web-console (4.0.1) lib/web_console/middleware.rb:17:in `catch'
web-console (4.0.1) lib/web_console/middleware.rb:17:in `call'
actionpack (6.0.1) lib/action_dispatch/middleware/show_exceptions.rb:33:in `call'
railties (6.0.1) lib/rails/rack/logger.rb:38:in `call_app'
railties (6.0.1) lib/rails/rack/logger.rb:26:in `block in call'
activesupport (6.0.1) lib/active_support/tagged_logging.rb:80:in `block in tagged'
activesupport (6.0.1) lib/active_support/tagged_logging.rb:28:in `tagged'
activesupport (6.0.1) lib/active_support/tagged_logging.rb:80:in `tagged'
railties (6.0.1) lib/rails/rack/logger.rb:26:in `call'
sprockets-rails (3.2.1) lib/sprockets/rails/quiet_assets.rb:13:in `call'
actionpack (6.0.1) lib/action_dispatch/middleware/remote_ip.rb:81:in `call'
actionpack (6.0.1) lib/action_dispatch/middleware/request_id.rb:27:in `call'
rack (2.0.7) lib/rack/method_override.rb:22:in `call'
rack (2.0.7) lib/rack/runtime.rb:22:in `call'
activesupport (6.0.1) lib/active_support/cache/strategy/local_cache_middleware.rb:29:in `call'
actionpack (6.0.1) lib/action_dispatch/middleware/executor.rb:14:in `call'
actionpack (6.0.1) lib/action_dispatch/middleware/static.rb:126:in `call'
rack (2.0.7) lib/rack/sendfile.rb:111:in `call'
actionpack (6.0.1) lib/action_dispatch/middleware/host_authorization.rb:83:in `call'
webpacker (4.2.0) lib/webpacker/dev_server_proxy.rb:23:in `perform_request'
rack-proxy (0.6.5) lib/rack/proxy.rb:57:in `call'
railties (6.0.1) lib/rails/engine.rb:526:in `call'
puma (4.3.0) lib/puma/configuration.rb:228:in `call'
puma (4.3.0) lib/puma/server.rb:667:in `handle_request'
puma (4.3.0) lib/puma/server.rb:470:in `process_client'
puma (4.3.0) lib/puma/server.rb:328:in `block in run'
puma (4.3.0) lib/puma/thread_pool.rb:134:in `block in spawn_thread'
Started GET "/teacher" for ::1 at 2019-11-25 17:10:53 -0500
  
ActionController::RoutingError (No route matches [GET] "/teacher"):
  
actionpack (6.0.1) lib/action_dispatch/middleware/debug_exceptions.rb:36:in `call'
web-console (4.0.1) lib/web_console/middleware.rb:132:in `call_app'
web-console (4.0.1) lib/web_console/middleware.rb:28:in `block in call'
web-console (4.0.1) lib/web_console/middleware.rb:17:in `catch'
web-console (4.0.1) lib/web_console/middleware.rb:17:in `call'
actionpack (6.0.1) lib/action_dispatch/middleware/show_exceptions.rb:33:in `call'
railties (6.0.1) lib/rails/rack/logger.rb:38:in `call_app'
railties (6.0.1) lib/rails/rack/logger.rb:26:in `block in call'
activesupport (6.0.1) lib/active_support/tagged_logging.rb:80:in `block in tagged'
activesupport (6.0.1) lib/active_support/tagged_logging.rb:28:in `tagged'
activesupport (6.0.1) lib/active_support/tagged_logging.rb:80:in `tagged'
railties (6.0.1) lib/rails/rack/logger.rb:26:in `call'
sprockets-rails (3.2.1) lib/sprockets/rails/quiet_assets.rb:13:in `call'
actionpack (6.0.1) lib/action_dispatch/middleware/remote_ip.rb:81:in `call'
actionpack (6.0.1) lib/action_dispatch/middleware/request_id.rb:27:in `call'
rack (2.0.7) lib/rack/method_override.rb:22:in `call'
rack (2.0.7) lib/rack/runtime.rb:22:in `call'
activesupport (6.0.1) lib/active_support/cache/strategy/local_cache_middleware.rb:29:in `call'
actionpack (6.0.1) lib/action_dispatch/middleware/executor.rb:14:in `call'
actionpack (6.0.1) lib/action_dispatch/middleware/static.rb:126:in `call'
rack (2.0.7) lib/rack/sendfile.rb:111:in `call'
actionpack (6.0.1) lib/action_dispatch/middleware/host_authorization.rb:83:in `call'
webpacker (4.2.0) lib/webpacker/dev_server_proxy.rb:23:in `perform_request'
rack-proxy (0.6.5) lib/rack/proxy.rb:57:in `call'
railties (6.0.1) lib/rails/engine.rb:526:in `call'
puma (4.3.0) lib/puma/configuration.rb:228:in `call'
puma (4.3.0) lib/puma/server.rb:667:in `handle_request'
puma (4.3.0) lib/puma/server.rb:470:in `process_client'
puma (4.3.0) lib/puma/server.rb:328:in `block in run'
puma (4.3.0) lib/puma/thread_pool.rb:134:in `block in spawn_thread'
Started GET "/teacher" for ::1 at 2019-11-25 17:10:58 -0500
  
ActionController::RoutingError (No route matches [GET] "/teacher"):
  
actionpack (6.0.1) lib/action_dispatch/middleware/debug_exceptions.rb:36:in `call'
web-console (4.0.1) lib/web_console/middleware.rb:132:in `call_app'
web-console (4.0.1) lib/web_console/middleware.rb:28:in `block in call'
web-console (4.0.1) lib/web_console/middleware.rb:17:in `catch'
web-console (4.0.1) lib/web_console/middleware.rb:17:in `call'
actionpack (6.0.1) lib/action_dispatch/middleware/show_exceptions.rb:33:in `call'
railties (6.0.1) lib/rails/rack/logger.rb:38:in `call_app'
railties (6.0.1) lib/rails/rack/logger.rb:26:in `block in call'
activesupport (6.0.1) lib/active_support/tagged_logging.rb:80:in `block in tagged'
activesupport (6.0.1) lib/active_support/tagged_logging.rb:28:in `tagged'
activesupport (6.0.1) lib/active_support/tagged_logging.rb:80:in `tagged'
railties (6.0.1) lib/rails/rack/logger.rb:26:in `call'
sprockets-rails (3.2.1) lib/sprockets/rails/quiet_assets.rb:13:in `call'
actionpack (6.0.1) lib/action_dispatch/middleware/remote_ip.rb:81:in `call'
actionpack (6.0.1) lib/action_dispatch/middleware/request_id.rb:27:in `call'
rack (2.0.7) lib/rack/method_override.rb:22:in `call'
rack (2.0.7) lib/rack/runtime.rb:22:in `call'
activesupport (6.0.1) lib/active_support/cache/strategy/local_cache_middleware.rb:29:in `call'
actionpack (6.0.1) lib/action_dispatch/middleware/executor.rb:14:in `call'
actionpack (6.0.1) lib/action_dispatch/middleware/static.rb:126:in `call'
rack (2.0.7) lib/rack/sendfile.rb:111:in `call'
actionpack (6.0.1) lib/action_dispatch/middleware/host_authorization.rb:83:in `call'
webpacker (4.2.0) lib/webpacker/dev_server_proxy.rb:23:in `perform_request'
rack-proxy (0.6.5) lib/rack/proxy.rb:57:in `call'
railties (6.0.1) lib/rails/engine.rb:526:in `call'
puma (4.3.0) lib/puma/configuration.rb:228:in `call'
puma (4.3.0) lib/puma/server.rb:667:in `handle_request'
puma (4.3.0) lib/puma/server.rb:470:in `process_client'
puma (4.3.0) lib/puma/server.rb:328:in `block in run'
puma (4.3.0) lib/puma/thread_pool.rb:134:in `block in spawn_thread'
Started GET "/teachers" for ::1 at 2019-11-25 17:11:00 -0500
Processing by TeachersController#index as HTML
  Rendering teachers/index.html.erb within layouts/application
  Rendered teachers/index.html.erb within layouts/application (Duration: 1.7ms | Allocations: 80)
[Webpacker] Compiling...
[Webpacker] Compiled all packs in /Users/flatironschoolbrooklyn/Desktop/FlatironWork/Module 2/Flatiron_student_tracker/flatiron_student_tracker/public/packs
[Webpacker] Hash: 53154d7baad00c6a1252
Version: webpack 4.41.2
Time: 3094ms
Built at: 11/25/2019 5:11:07 PM
                                     Asset       Size       Chunks                         Chunk Names
    js/application-0b67a3cc2fcde6055024.js    124 KiB  application  [emitted] [immutable]  application
js/application-0b67a3cc2fcde6055024.js.map    139 KiB  application  [emitted] [dev]        application
                             manifest.json  364 bytes               [emitted]              
Entrypoint application = js/application-0b67a3cc2fcde6055024.js js/application-0b67a3cc2fcde6055024.js.map
[./app/javascript/channels sync recursive _channel\.js$] ./app/javascript/channels sync _channel\.js$ 160 bytes {application} [built]
[./app/javascript/channels/index.js] 211 bytes {application} [built]
[./app/javascript/packs/application.js] 749 bytes {application} [built]
[./node_modules/webpack/buildin/module.js] (webpack)/buildin/module.js 552 bytes {application} [built]
    + 3 hidden modules

Completed 200 OK in 6970ms (Views: 6967.9ms | ActiveRecord: 0.0ms | Allocations: 23251)


Started GET "/teachers" for ::1 at 2019-11-25 17:23:01 -0500
  [1m[35m (0.2ms)[0m  [1m[34mSELECT sqlite_version(*)[0m
Processing by TeachersController#index as HTML
  Rendering teachers/index.html.erb within layouts/application
  Rendered teachers/index.html.erb within layouts/application (Duration: 0.1ms | Allocations: 4)
[Webpacker] Everything's up-to-date. Nothing to do
Completed 200 OK in 22ms (Views: 20.6ms | ActiveRecord: 0.0ms | Allocations: 4197)


  [1m[35m (0.4ms)[0m  [1m[34mSELECT sqlite_version(*)[0m
  [1m[35m (0.2ms)[0m  [1m[34mSELECT "schema_migrations"."version" FROM "schema_migrations" ORDER BY "schema_migrations"."version" ASC[0m
Migrating to CreateTests (20191125222832)
